{"message":"Connected to mongodb://localhost:27017/guitar-shop","level":"info","timestamp":"2020-11-20T16:30:02.043Z"}
{"message":"Connected to mongodb://localhost:27017/guitar-shop","level":"info","timestamp":"2020-11-23T07:12:58.908Z"}
{"message":"Connected to mongodb://localhost:27017/guitar-shop","level":"info","timestamp":"2020-11-23T10:24:34.170Z"}
{"message":"Connected to mongodb://localhost:27017/guitar-shop","level":"info","timestamp":"2020-11-23T10:29:45.205Z"}
{"message":"Connected to mongodb://localhost:27017/guitar-shop","level":"info","timestamp":"2020-11-23T10:29:52.635Z"}
{"message":"Connected to mongodb://localhost:27017/guitar-shop","level":"info","timestamp":"2020-11-23T10:29:55.228Z"}
{"message":"Connected to mongodb://localhost:27017/guitar-shop","level":"info","timestamp":"2020-11-23T10:30:04.392Z"}
{"message":"Connected to mongodb://localhost:27017/guitar-shop","level":"info","timestamp":"2020-11-23T10:30:16.733Z"}
{"message":"Connected to mongodb://localhost:27017/guitar-shop","level":"info","timestamp":"2020-11-23T10:30:23.655Z"}
{"message":"Connected to mongodb://localhost:27017/guitar-shop","level":"info","timestamp":"2020-11-23T10:30:29.651Z"}
{"message":"Connected to mongodb://localhost:27017/guitar-shop","level":"info","timestamp":"2020-11-23T10:30:35.078Z"}
{"message":"Connected to mongodb://localhost:27017/guitar-shop","level":"info","timestamp":"2020-11-23T10:30:37.474Z"}
{"message":"Connected to mongodb://localhost:27017/guitar-shop","level":"info","timestamp":"2020-11-23T10:30:39.860Z"}
{"message":"Connected to mongodb://localhost:27017/guitar-shop","level":"info","timestamp":"2020-11-23T10:30:44.818Z"}
{"message":"Connected to mongodb://localhost:27017/guitar-shop","level":"info","timestamp":"2020-11-23T10:30:46.680Z"}
{"message":"Connected to mongodb://localhost:27017/guitar-shop","level":"info","timestamp":"2020-11-23T10:31:04.096Z"}
{"message":"Connected to mongodb://localhost:27017/guitar-shop","level":"info","timestamp":"2020-11-23T10:31:08.260Z"}
{"message":"Connected to mongodb://localhost:27017/guitar-shop","level":"info","timestamp":"2020-11-23T10:31:42.580Z"}
{"message":"Check input field","level":"error","timestamp":"2020-11-23T10:32:11.137Z"}
{"message":"Check input field","level":"error","timestamp":"2020-11-23T10:32:26.818Z"}
{"message":"Connected to mongodb://localhost:27017/guitar-shop","level":"info","timestamp":"2020-11-23T10:32:43.505Z"}
{"message":"Connected to mongodb://localhost:27017/guitar-shop","level":"info","timestamp":"2020-11-23T10:32:45.487Z"}
{"message":"Check input field","level":"error","timestamp":"2020-11-23T10:32:46.747Z"}
{"message":"Connected to mongodb://localhost:27017/guitar-shop","level":"info","timestamp":"2020-11-23T10:33:03.195Z"}
{"message":"Connected to mongodb://localhost:27017/guitar-shop","level":"info","timestamp":"2020-11-23T10:33:06.076Z"}
{"message":"Connected to mongodb://localhost:27017/guitar-shop","level":"info","timestamp":"2020-11-23T10:33:09.630Z"}
{"message":"Connected to mongodb://localhost:27017/guitar-shop","level":"info","timestamp":"2020-11-23T10:33:12.371Z"}
{"message":"Connected to mongodb://localhost:27017/guitar-shop","level":"info","timestamp":"2020-11-23T10:33:18.198Z"}
{"message":"Connected to mongodb://localhost:27017/guitar-shop","level":"info","timestamp":"2020-11-23T10:33:49.094Z"}
{"message":"Connected to mongodb://localhost:27017/guitar-shop","level":"info","timestamp":"2020-11-23T10:34:13.033Z"}
{"message":"Connected to mongodb://localhost:27017/guitar-shop","level":"info","timestamp":"2020-11-23T10:34:14.617Z"}
{"message":"User already exists!","level":"error","timestamp":"2020-11-23T10:34:41.042Z"}
{"message":"Connected to mongodb://localhost:27017/guitar-shop","level":"info","timestamp":"2020-11-23T10:35:17.294Z"}
{"message":"Connected to mongodb://localhost:27017/guitar-shop","level":"info","timestamp":"2020-11-23T10:35:22.188Z"}
{"message":"Check input field","level":"error","timestamp":"2020-11-23T10:36:48.268Z"}
{"message":"Connected to mongodb://localhost:27017/guitar-shop","level":"info","timestamp":"2020-11-23T10:40:55.323Z"}
{"message":"User already exists!","level":"error","timestamp":"2020-11-23T10:41:03.077Z"}
{"message":"Connected to mongodb://localhost:27017/guitar-shop","level":"info","timestamp":"2020-11-23T10:42:02.274Z"}
{"message":"Connected to mongodb://localhost:27017/guitar-shop","level":"info","timestamp":"2020-11-23T10:51:24.167Z"}
{"message":"Connected to mongodb://localhost:27017/guitar-shop","level":"info","timestamp":"2020-11-23T15:14:50.308Z"}
{"message":"Connected to mongodb://localhost:27017/guitar-shop","level":"info","timestamp":"2020-11-23T15:14:53.320Z"}
{"message":"Connected to mongodb://localhost:27017/guitar-shop","level":"info","timestamp":"2020-11-23T15:16:24.754Z"}
{"message":"Connected to mongodb://localhost:27017/guitar-shop","level":"info","timestamp":"2020-11-23T15:34:58.035Z"}
{"message":"Connected to mongodb://localhost:27017/guitar-shop","level":"info","timestamp":"2020-11-23T15:35:17.906Z"}
{"message":"Connected to mongodb://localhost:27017/guitar-shop","level":"info","timestamp":"2020-11-23T15:35:41.172Z"}
{"message":"Connected to mongodb://localhost:27017/guitar-shop","level":"info","timestamp":"2020-11-23T15:35:54.311Z"}
{"message":"Connected to mongodb://localhost:27017/guitar-shop","level":"info","timestamp":"2020-11-23T15:36:11.743Z"}
{"message":"Connected to mongodb://localhost:27017/guitar-shop","level":"info","timestamp":"2020-11-23T15:39:56.225Z"}
{"message":"Connected to mongodb://localhost:27017/guitar-shop","level":"info","timestamp":"2020-11-23T15:40:00.541Z"}
{"message":"Connected to mongodb://localhost:27017/guitar-shop","level":"info","timestamp":"2020-11-23T15:40:06.655Z"}
{"message":"Connected to mongodb://localhost:27017/guitar-shop","level":"info","timestamp":"2020-11-23T15:40:12.111Z"}
{"message":"Connected to mongodb://localhost:27017/guitar-shop","level":"info","timestamp":"2020-11-23T15:40:15.278Z"}
{"message":"Connected to mongodb://localhost:27017/guitar-shop","level":"info","timestamp":"2020-11-23T15:41:37.097Z"}
{"message":"Connected to mongodb://localhost:27017/guitar-shop","level":"info","timestamp":"2020-11-23T15:42:00.947Z"}
{"message":"Connected to mongodb://localhost:27017/guitar-shop","level":"info","timestamp":"2020-11-23T15:42:05.788Z"}
{"message":"Connected to mongodb://localhost:27017/guitar-shop","level":"info","timestamp":"2020-11-23T15:42:51.585Z"}
{"message":"Connected to mongodb://localhost:27017/guitar-shop","level":"info","timestamp":"2020-11-23T15:42:55.133Z"}
{"message":"Connected to mongodb://localhost:27017/guitar-shop","level":"info","timestamp":"2020-11-23T15:43:03.457Z"}
{"message":"Connected to mongodb://localhost:27017/guitar-shop","level":"info","timestamp":"2020-11-23T15:43:05.361Z"}
{"message":"Connected to mongodb://localhost:27017/guitar-shop","level":"info","timestamp":"2020-11-23T15:43:10.188Z"}
{"message":"Connected to mongodb://localhost:27017/guitar-shop","level":"info","timestamp":"2020-11-23T15:43:15.164Z"}
{"message":"Connected to mongodb://localhost:27017/guitar-shop","level":"info","timestamp":"2020-11-23T15:43:17.913Z"}
{"message":"Connected to mongodb://localhost:27017/guitar-shop","level":"info","timestamp":"2020-11-23T15:43:31.150Z"}
{"message":"Connected to mongodb://localhost:27017/guitar-shop","level":"info","timestamp":"2020-11-23T15:43:55.551Z"}
{"message":"Connected to mongodb://localhost:27017/guitar-shop","level":"info","timestamp":"2020-11-23T15:44:07.365Z"}
{"message":"Connected to mongodb://localhost:27017/guitar-shop","level":"info","timestamp":"2020-11-23T15:44:09.101Z"}
{"message":"Connected to mongodb://localhost:27017/guitar-shop","level":"info","timestamp":"2020-11-23T15:44:11.432Z"}
{"message":"Connected to mongodb://localhost:27017/guitar-shop","level":"info","timestamp":"2020-11-23T15:44:15.795Z"}
{"message":"Connected to mongodb://localhost:27017/guitar-shop","level":"info","timestamp":"2020-11-23T15:44:20.155Z"}
{"message":"Connected to mongodb://localhost:27017/guitar-shop","level":"info","timestamp":"2020-11-23T15:44:35.143Z"}
{"message":"Connected to mongodb://localhost:27017/guitar-shop","level":"info","timestamp":"2020-11-23T15:47:17.701Z"}
{"message":"Connected to mongodb://localhost:27017/guitar-shop","level":"info","timestamp":"2020-11-23T15:47:33.308Z"}
{"message":"Connected to mongodb://localhost:27017/guitar-shop","level":"info","timestamp":"2020-11-23T15:47:38.568Z"}
{"message":"Connected to mongodb://localhost:27017/guitar-shop","level":"info","timestamp":"2020-11-23T15:47:48.645Z"}
{"message":"Connected to mongodb://localhost:27017/guitar-shop","level":"info","timestamp":"2020-11-23T15:47:59.483Z"}
{"message":"Connected to mongodb://localhost:27017/guitar-shop","level":"info","timestamp":"2020-11-23T15:48:01.078Z"}
{"message":"Connected to mongodb://localhost:27017/guitar-shop","level":"info","timestamp":"2020-11-23T15:48:13.380Z"}
{"message":"Connected to mongodb://localhost:27017/guitar-shop","level":"info","timestamp":"2020-11-23T15:48:25.612Z"}
{"message":"Connected to mongodb://localhost:27017/guitar-shop","level":"info","timestamp":"2020-11-23T15:48:30.713Z"}
{"message":"Connected to mongodb://localhost:27017/guitar-shop","level":"info","timestamp":"2020-11-23T15:49:45.794Z"}
{"message":"Connected to mongodb://localhost:27017/guitar-shop","level":"info","timestamp":"2020-11-23T15:49:51.935Z"}
{"message":"Connected to mongodb://localhost:27017/guitar-shop","level":"info","timestamp":"2020-11-23T15:49:57.578Z"}
{"message":"Connected to mongodb://localhost:27017/guitar-shop","level":"info","timestamp":"2020-11-23T15:50:02.299Z"}
{"message":"Connected to mongodb://localhost:27017/guitar-shop","level":"info","timestamp":"2020-11-23T15:50:03.950Z"}
{"message":"Connected to mongodb://localhost:27017/guitar-shop","level":"info","timestamp":"2020-11-23T15:50:09.138Z"}
{"message":"Connected to mongodb://localhost:27017/guitar-shop","level":"info","timestamp":"2020-11-23T15:50:17.484Z"}
{"message":"Connected to mongodb://localhost:27017/guitar-shop","level":"info","timestamp":"2020-11-23T15:50:24.454Z"}
{"message":"Connected to mongodb://localhost:27017/guitar-shop","level":"info","timestamp":"2020-11-23T15:50:26.451Z"}
{"message":"Connected to mongodb://localhost:27017/guitar-shop","level":"info","timestamp":"2020-11-23T15:50:29.373Z"}
{"message":"Connected to mongodb://localhost:27017/guitar-shop","level":"info","timestamp":"2020-11-23T15:50:38.951Z"}
{"message":"Connected to mongodb://localhost:27017/guitar-shop","level":"info","timestamp":"2020-11-23T15:51:04.002Z"}
{"message":"Connected to mongodb://localhost:27017/guitar-shop","level":"info","timestamp":"2020-11-23T15:51:05.525Z"}
{"message":"Connected to mongodb://localhost:27017/guitar-shop","level":"info","timestamp":"2020-11-23T15:51:07.646Z"}
{"message":"Connected to mongodb://localhost:27017/guitar-shop","level":"info","timestamp":"2020-11-23T15:51:09.515Z"}
{"message":"Connected to mongodb://localhost:27017/guitar-shop","level":"info","timestamp":"2020-11-23T15:51:12.926Z"}
{"message":"Connected to mongodb://localhost:27017/guitar-shop","level":"info","timestamp":"2020-11-23T15:51:21.707Z"}
{"message":"Connected to mongodb://localhost:27017/guitar-shop","level":"info","timestamp":"2020-11-23T15:51:24.496Z"}
{"message":"Connected to mongodb://localhost:27017/guitar-shop","level":"info","timestamp":"2020-11-23T15:51:34.072Z"}
{"message":"Connected to mongodb://localhost:27017/guitar-shop","level":"info","timestamp":"2020-11-23T15:52:20.610Z"}
{"message":"Connected to mongodb://localhost:27017/guitar-shop","level":"info","timestamp":"2020-11-23T15:52:25.016Z"}
{"message":"Connected to mongodb://localhost:27017/guitar-shop","level":"info","timestamp":"2020-11-23T15:52:38.534Z"}
{"message":"Connected to mongodb://localhost:27017/guitar-shop","level":"info","timestamp":"2020-11-23T15:52:42.209Z"}
{"message":"Connected to mongodb://localhost:27017/guitar-shop","level":"info","timestamp":"2020-11-23T15:53:03.451Z"}
{"message":"Connected to mongodb://localhost:27017/guitar-shop","level":"info","timestamp":"2020-11-23T15:53:46.277Z"}
{"message":"Connected to mongodb://localhost:27017/guitar-shop","level":"info","timestamp":"2020-11-23T15:53:49.080Z"}
{"message":"Connected to mongodb://localhost:27017/guitar-shop","level":"info","timestamp":"2020-11-23T15:53:51.944Z"}
{"message":"Connected to mongodb://localhost:27017/guitar-shop","level":"info","timestamp":"2020-11-23T15:54:59.770Z"}
{"message":"Connected to mongodb://localhost:27017/guitar-shop","level":"info","timestamp":"2020-11-23T15:55:35.026Z"}
{"message":"Connected to mongodb://localhost:27017/guitar-shop","level":"info","timestamp":"2020-11-23T15:56:14.576Z"}
{"message":"Connected to mongodb://localhost:27017/guitar-shop","level":"info","timestamp":"2020-11-23T15:56:26.326Z"}
{"message":"Connected to mongodb://localhost:27017/guitar-shop","level":"info","timestamp":"2020-11-23T15:56:28.128Z"}
{"message":"Connected to mongodb://localhost:27017/guitar-shop","level":"info","timestamp":"2020-11-23T15:56:30.468Z"}
{"message":"Connected to mongodb://localhost:27017/guitar-shop","level":"info","timestamp":"2020-11-23T15:56:34.509Z"}
{"message":"Connected to mongodb://localhost:27017/guitar-shop","level":"info","timestamp":"2020-11-23T15:56:37.926Z"}
{"message":"Connected to mongodb://localhost:27017/guitar-shop","level":"info","timestamp":"2020-11-23T15:56:42.770Z"}
{"message":"Connected to mongodb://localhost:27017/guitar-shop","level":"info","timestamp":"2020-11-23T15:56:46.204Z"}
{"message":"Connected to mongodb://localhost:27017/guitar-shop","level":"info","timestamp":"2020-11-23T15:56:51.157Z"}
{"message":"Connected to mongodb://localhost:27017/guitar-shop","level":"info","timestamp":"2020-11-23T15:56:53.484Z"}
{"message":"Connected to mongodb://localhost:27017/guitar-shop","level":"info","timestamp":"2020-11-23T15:56:56.164Z"}
{"message":"Connected to mongodb://localhost:27017/guitar-shop","level":"info","timestamp":"2020-11-23T15:56:58.036Z"}
{"message":"Connected to mongodb://localhost:27017/guitar-shop","level":"info","timestamp":"2020-11-23T15:57:11.275Z"}
{"message":"Connected to mongodb://localhost:27017/guitar-shop","level":"info","timestamp":"2020-11-23T15:57:15.611Z"}
{"message":"Connected to mongodb://localhost:27017/guitar-shop","level":"info","timestamp":"2020-11-23T15:57:17.428Z"}
{"message":"Connected to mongodb://localhost:27017/guitar-shop","level":"info","timestamp":"2020-11-23T16:00:15.763Z"}
{"message":"Connected to mongodb://localhost:27017/guitar-shop","level":"info","timestamp":"2020-11-23T16:00:35.199Z"}
{"message":"Connected to mongodb://localhost:27017/guitar-shop","level":"info","timestamp":"2020-11-23T16:00:53.831Z"}
{"message":"Connected to mongodb://localhost:27017/guitar-shop","level":"info","timestamp":"2020-11-23T16:01:01.537Z"}
{"message":"Connected to mongodb://localhost:27017/guitar-shop","level":"info","timestamp":"2020-11-23T16:01:21.058Z"}
{"message":"Connected to mongodb://localhost:27017/guitar-shop","level":"info","timestamp":"2020-11-23T16:01:24.681Z"}
{"message":"Connected to mongodb://localhost:27017/guitar-shop","level":"info","timestamp":"2020-11-23T16:01:31.247Z"}
{"message":"Connected to mongodb://localhost:27017/guitar-shop","level":"info","timestamp":"2020-11-23T16:01:38.571Z"}
{"message":"Connected to mongodb://localhost:27017/guitar-shop","level":"info","timestamp":"2020-11-23T16:01:45.028Z"}
{"message":"Connected to mongodb://localhost:27017/guitar-shop","level":"info","timestamp":"2020-11-23T16:01:50.335Z"}
{"message":"Connected to mongodb://localhost:27017/guitar-shop","level":"info","timestamp":"2020-11-23T16:01:53.796Z"}
{"message":"Connected to mongodb://localhost:27017/guitar-shop","level":"info","timestamp":"2020-11-23T16:01:59.688Z"}
{"message":"Connected to mongodb://localhost:27017/guitar-shop","level":"info","timestamp":"2020-11-23T16:02:02.382Z"}
{"message":"Connected to mongodb://localhost:27017/guitar-shop","level":"info","timestamp":"2020-11-23T16:02:05.034Z"}
{"message":"Connected to mongodb://localhost:27017/guitar-shop","level":"info","timestamp":"2020-11-23T16:02:13.872Z"}
{"message":"Connected to mongodb://localhost:27017/guitar-shop","level":"info","timestamp":"2020-11-23T16:02:22.917Z"}
{"message":"Connected to mongodb://localhost:27017/guitar-shop","level":"info","timestamp":"2020-11-23T16:02:28.428Z"}
{"message":"Connected to mongodb://localhost:27017/guitar-shop","level":"info","timestamp":"2020-11-23T16:02:31.422Z"}
{"message":"Connected to mongodb://localhost:27017/guitar-shop","level":"info","timestamp":"2020-11-23T16:02:35.317Z"}
{"message":"Connected to mongodb://localhost:27017/guitar-shop","level":"info","timestamp":"2020-11-23T16:02:37.903Z"}
{"message":"Connected to mongodb://localhost:27017/guitar-shop","level":"info","timestamp":"2020-11-23T16:02:42.586Z"}
{"message":"Connected to mongodb://localhost:27017/guitar-shop","level":"info","timestamp":"2020-11-23T16:02:47.107Z"}
{"message":"Connected to mongodb://localhost:27017/guitar-shop","level":"info","timestamp":"2020-11-23T16:02:51.221Z"}
{"message":"Connected to mongodb://localhost:27017/guitar-shop","level":"info","timestamp":"2020-11-23T16:03:32.634Z"}
{"message":"Connected to mongodb://localhost:27017/guitar-shop","level":"info","timestamp":"2020-11-23T16:07:59.455Z"}
{"message":"Connected to mongodb://localhost:27017/guitar-shop","level":"info","timestamp":"2020-11-23T16:09:03.422Z"}
{"message":"Connected to mongodb://localhost:27017/guitar-shop","level":"info","timestamp":"2020-11-23T16:09:08.424Z"}
{"message":"Connected to mongodb://localhost:27017/guitar-shop","level":"info","timestamp":"2020-11-23T16:09:11.279Z"}
{"message":"Connected to mongodb://localhost:27017/guitar-shop","level":"info","timestamp":"2020-11-23T16:09:58.239Z"}
{"message":"Connected to mongodb://localhost:27017/guitar-shop","level":"info","timestamp":"2020-11-23T16:10:10.022Z"}
{"message":"Connected to mongodb://localhost:27017/guitar-shop","level":"info","timestamp":"2020-11-23T16:11:12.210Z"}
{"message":"Connected to mongodb://localhost:27017/guitar-shop","level":"info","timestamp":"2020-11-23T16:11:16.267Z"}
{"message":"Connected to mongodb://localhost:27017/guitar-shop","level":"info","timestamp":"2020-11-23T16:12:55.179Z"}
{"message":"Connected to mongodb://localhost:27017/guitar-shop","level":"info","timestamp":"2020-11-23T16:13:13.648Z"}
{"message":"Connected to mongodb://localhost:27017/guitar-shop","level":"info","timestamp":"2020-11-23T16:13:19.182Z"}
{"message":"Connected to mongodb://localhost:27017/guitar-shop","level":"info","timestamp":"2020-11-23T16:17:36.482Z"}
{"message":"Connected to mongodb://localhost:27017/guitar-shop","level":"info","timestamp":"2020-11-23T16:17:40.612Z"}
{"message":"Connected to mongodb://localhost:27017/guitar-shop","level":"info","timestamp":"2020-11-23T16:17:42.875Z"}
{"message":"Connected to mongodb://localhost:27017/guitar-shop","level":"info","timestamp":"2020-11-23T16:17:46.802Z"}
{"message":"Connected to mongodb://localhost:27017/guitar-shop","level":"info","timestamp":"2020-11-23T16:18:00.080Z"}
{"message":"Connected to mongodb://localhost:27017/guitar-shop","level":"info","timestamp":"2020-11-23T16:18:17.473Z"}
{"message":"Connected to mongodb://localhost:27017/guitar-shop","level":"info","timestamp":"2020-11-23T16:18:23.058Z"}
{"message":"Connected to mongodb://localhost:27017/guitar-shop","level":"info","timestamp":"2020-11-23T16:18:25.484Z"}
{"message":"Connected to mongodb://localhost:27017/guitar-shop","level":"info","timestamp":"2020-11-23T16:19:59.711Z"}
{"message":"Connected to mongodb://localhost:27017/guitar-shop","level":"info","timestamp":"2020-11-23T16:20:05.888Z"}
{"message":"Connected to mongodb://localhost:27017/guitar-shop","level":"info","timestamp":"2020-11-23T16:20:12.892Z"}
{"message":"Connected to mongodb://localhost:27017/guitar-shop","level":"info","timestamp":"2020-11-23T16:20:17.174Z"}
{"message":"Connected to mongodb://localhost:27017/guitar-shop","level":"info","timestamp":"2020-11-23T16:50:52.214Z"}
{"message":"Connected to mongodb://localhost:27017/guitar-shop","level":"info","timestamp":"2020-11-23T16:59:20.567Z"}
{"message":"Connected to mongodb://localhost:27017/guitar-shop","level":"info","timestamp":"2020-11-23T17:00:56.422Z"}
{"message":"Connected to mongodb://localhost:27017/guitar-shop","level":"info","timestamp":"2020-11-23T17:03:17.547Z"}
{"message":"Connected to mongodb://localhost:27017/guitar-shop","level":"info","timestamp":"2020-11-23T17:03:23.322Z"}
{"message":"Connected to mongodb://localhost:27017/guitar-shop","level":"info","timestamp":"2020-11-23T17:03:25.384Z"}
{"message":"Connected to mongodb://localhost:27017/guitar-shop","level":"info","timestamp":"2020-11-23T17:03:27.029Z"}
{"message":"Connected to mongodb://localhost:27017/guitar-shop","level":"info","timestamp":"2020-11-23T17:03:39.968Z"}
{"message":"Connected to mongodb://localhost:27017/guitar-shop","level":"info","timestamp":"2020-11-23T17:03:43.181Z"}
{"message":"Connected to mongodb://localhost:27017/guitar-shop","level":"info","timestamp":"2020-11-23T17:04:06.032Z"}
{"message":"Connected to mongodb://localhost:27017/guitar-shop","level":"info","timestamp":"2020-11-23T17:04:47.691Z"}
{"message":"Connected to mongodb://localhost:27017/guitar-shop","level":"info","timestamp":"2020-11-23T17:05:20.460Z"}
{"message":"Connected to mongodb://localhost:27017/guitar-shop","level":"info","timestamp":"2020-11-23T17:05:24.383Z"}
{"message":"Connected to mongodb://localhost:27017/guitar-shop","level":"info","timestamp":"2020-11-23T17:05:27.494Z"}
{"message":"Connected to mongodb://localhost:27017/guitar-shop","level":"info","timestamp":"2020-11-23T17:05:31.736Z"}
{"message":"Connected to mongodb://localhost:27017/guitar-shop","level":"info","timestamp":"2020-11-23T17:05:39.849Z"}
{"message":"Connected to mongodb://localhost:27017/guitar-shop","level":"info","timestamp":"2020-11-23T17:05:49.121Z"}
{"message":"Connected to mongodb://localhost:27017/guitar-shop","level":"info","timestamp":"2020-11-23T17:06:02.266Z"}
{"message":"Connected to mongodb://localhost:27017/guitar-shop","level":"info","timestamp":"2020-11-23T17:06:24.747Z"}
{"message":"Connected to mongodb://localhost:27017/guitar-shop","level":"info","timestamp":"2020-11-23T17:06:27.081Z"}
{"message":"Connected to mongodb://localhost:27017/guitar-shop","level":"info","timestamp":"2020-11-23T17:06:29.643Z"}
{"message":"Connected to mongodb://localhost:27017/guitar-shop","level":"info","timestamp":"2020-11-23T17:06:31.329Z"}
{"message":"Connected to mongodb://localhost:27017/guitar-shop","level":"info","timestamp":"2020-11-23T17:06:35.868Z"}
{"message":"Connected to mongodb://localhost:27017/guitar-shop","level":"info","timestamp":"2020-11-23T17:06:48.706Z"}
{"message":"Connected to mongodb://localhost:27017/guitar-shop","level":"info","timestamp":"2020-11-23T17:06:50.794Z"}
{"message":"Connected to mongodb://localhost:27017/guitar-shop","level":"info","timestamp":"2020-11-23T17:06:53.266Z"}
{"message":"Connected to mongodb://localhost:27017/guitar-shop","level":"info","timestamp":"2020-11-23T17:17:54.124Z"}
{"message":"Connected to mongodb://localhost:27017/guitar-shop","level":"info","timestamp":"2020-11-23T17:17:59.332Z"}
{"message":"Connected to mongodb://localhost:27017/guitar-shop","level":"info","timestamp":"2020-11-23T17:18:03.023Z"}
{"message":"Connected to mongodb://localhost:27017/guitar-shop","level":"info","timestamp":"2020-11-23T17:18:05.001Z"}
{"message":"Connected to mongodb://localhost:27017/guitar-shop","level":"info","timestamp":"2020-11-23T17:19:01.425Z"}
{"message":"Connected to mongodb://localhost:27017/guitar-shop","level":"info","timestamp":"2020-11-23T17:19:18.528Z"}
{"message":"Connected to mongodb://localhost:27017/guitar-shop","level":"info","timestamp":"2020-11-23T17:19:36.226Z"}
{"message":"Connected to mongodb://localhost:27017/guitar-shop","level":"info","timestamp":"2020-11-23T17:20:09.044Z"}
{"message":"Connected to mongodb://localhost:27017/guitar-shop","level":"info","timestamp":"2020-11-23T17:20:17.106Z"}
{"message":"Connected to mongodb://localhost:27017/guitar-shop","level":"info","timestamp":"2020-11-23T17:20:19.166Z"}
{"message":"Connected to mongodb://localhost:27017/guitar-shop","level":"info","timestamp":"2020-11-23T17:20:32.411Z"}
{"message":"Connected to mongodb://localhost:27017/guitar-shop","level":"info","timestamp":"2020-11-23T17:20:34.515Z"}
{"message":"Connected to mongodb://localhost:27017/guitar-shop","level":"info","timestamp":"2020-11-23T17:21:50.165Z"}
{"message":"Connected to mongodb://localhost:27017/guitar-shop","level":"info","timestamp":"2020-11-23T17:21:55.206Z"}
{"message":"Connected to mongodb://localhost:27017/guitar-shop","level":"info","timestamp":"2020-11-23T17:22:05.950Z"}
{"message":"Connected to mongodb://localhost:27017/guitar-shop","level":"info","timestamp":"2020-11-23T17:24:22.949Z"}
{"message":"Connected to mongodb://localhost:27017/guitar-shop","level":"info","timestamp":"2020-11-23T17:24:42.442Z"}
{"message":"Connected to mongodb://localhost:27017/guitar-shop","level":"info","timestamp":"2020-11-23T17:24:44.499Z"}
{"message":"Connected to mongodb://localhost:27017/guitar-shop","level":"info","timestamp":"2020-11-23T17:24:47.466Z"}
{"message":"Connected to mongodb://localhost:27017/guitar-shop","level":"info","timestamp":"2020-11-23T17:25:03.793Z"}
{"message":"Connected to mongodb://localhost:27017/guitar-shop","level":"info","timestamp":"2020-11-23T17:25:13.944Z"}
{"message":"Connected to mongodb://localhost:27017/guitar-shop","level":"info","timestamp":"2020-11-23T17:25:25.167Z"}
{"message":"Connected to mongodb://localhost:27017/guitar-shop","level":"info","timestamp":"2020-11-23T17:25:30.438Z"}
{"message":"Connected to mongodb://localhost:27017/guitar-shop","level":"info","timestamp":"2020-11-23T17:25:43.392Z"}
{"message":"Connected to mongodb://localhost:27017/guitar-shop","level":"info","timestamp":"2020-11-23T17:28:29.874Z"}
{"message":"Connected to mongodb://localhost:27017/guitar-shop","level":"info","timestamp":"2020-11-23T17:28:36.475Z"}
{"message":"Connected to mongodb://localhost:27017/guitar-shop","level":"info","timestamp":"2020-11-23T17:33:11.859Z"}
{"message":"Connected to mongodb://localhost:27017/guitar-shop","level":"info","timestamp":"2020-11-23T17:33:58.197Z"}
{"message":"Connected to mongodb://localhost:27017/guitar-shop","level":"info","timestamp":"2020-11-23T17:34:13.577Z"}
{"message":"Connected to mongodb://localhost:27017/guitar-shop","level":"info","timestamp":"2020-11-23T17:34:15.241Z"}
{"message":"Connected to mongodb://localhost:27017/guitar-shop","level":"info","timestamp":"2020-11-23T17:34:31.482Z"}
{"message":"Connected to mongodb://localhost:27017/guitar-shop","level":"info","timestamp":"2020-11-23T17:34:35.114Z"}
{"message":"Connected to mongodb://localhost:27017/guitar-shop","level":"info","timestamp":"2020-11-23T17:34:39.269Z"}
{"message":"Connected to mongodb://localhost:27017/guitar-shop","level":"info","timestamp":"2020-11-23T17:34:41.543Z"}
{"message":"Connected to mongodb://localhost:27017/guitar-shop","level":"info","timestamp":"2020-11-23T17:43:16.359Z"}
{"message":"Connected to mongodb://localhost:27017/guitar-shop","level":"info","timestamp":"2020-11-23T17:43:44.311Z"}
{"message":"Connected to mongodb://localhost:27017/guitar-shop","level":"info","timestamp":"2020-11-23T17:43:47.148Z"}
{"message":"Connected to mongodb://localhost:27017/guitar-shop","level":"info","timestamp":"2020-11-23T17:44:07.899Z"}
{"message":"Connected to mongodb://localhost:27017/guitar-shop","level":"info","timestamp":"2020-11-23T17:53:17.228Z"}
{"message":"Connected to mongodb://localhost:27017/guitar-shop","level":"info","timestamp":"2020-11-24T16:18:35.120Z"}
{"message":"Connected to mongodb://localhost:27017/guitar-shop","level":"info","timestamp":"2020-11-25T03:25:49.490Z"}
{"message":"Connected to mongodb://localhost:27017/guitar-shop","level":"info","timestamp":"2020-11-25T03:26:21.041Z"}
{"message":"Connected to mongodb://localhost:27017/guitar-shop","level":"info","timestamp":"2020-11-25T03:26:23.984Z"}
{"message":"Connected to mongodb://localhost:27017/guitar-shop","level":"info","timestamp":"2020-11-25T03:26:30.804Z"}
{"message":"Connected to mongodb://localhost:27017/guitar-shop","level":"info","timestamp":"2020-11-25T03:26:36.065Z"}
{"message":"Connected to mongodb://localhost:27017/guitar-shop","level":"info","timestamp":"2020-11-25T03:26:47.677Z"}
{"message":"Connected to mongodb://localhost:27017/guitar-shop","level":"info","timestamp":"2020-11-25T03:27:15.301Z"}
{"message":"Connected to mongodb://localhost:27017/guitar-shop","level":"info","timestamp":"2020-11-25T03:27:45.228Z"}
{"message":"Connected to mongodb://localhost:27017/guitar-shop","level":"info","timestamp":"2020-11-25T03:36:42.683Z"}
{"message":"Connected to mongodb://localhost:27017/guitar-shop","level":"info","timestamp":"2020-11-25T03:40:09.002Z"}
{"message":"Connected to mongodb://localhost:27017/guitar-shop","level":"info","timestamp":"2020-11-25T03:40:40.022Z"}
{"message":"Connected to mongodb://localhost:27017/guitar-shop","level":"info","timestamp":"2020-11-25T03:40:42.524Z"}
{"message":"Connected to mongodb://localhost:27017/guitar-shop","level":"info","timestamp":"2020-11-25T03:40:46.790Z"}
{"message":"Connected to mongodb://localhost:27017/guitar-shop","level":"info","timestamp":"2020-11-25T03:40:49.253Z"}
{"message":"Connected to mongodb://localhost:27017/guitar-shop","level":"info","timestamp":"2020-11-25T03:45:49.941Z"}
{"message":"Connected to mongodb://localhost:27017/guitar-shop","level":"info","timestamp":"2020-11-25T03:47:13.283Z"}
{"message":"Connected to mongodb://localhost:27017/guitar-shop","level":"info","timestamp":"2020-11-25T03:47:16.500Z"}
{"message":"Connected to mongodb://localhost:27017/guitar-shop","level":"info","timestamp":"2020-11-25T03:47:52.022Z"}
{"message":"Connected to mongodb://localhost:27017/guitar-shop","level":"info","timestamp":"2020-11-25T14:18:30.986Z"}
{"message":"Connected to mongodb://localhost:27017/guitar-shop","level":"info","timestamp":"2020-11-25T14:24:48.120Z"}
{"message":"Connected to mongodb://localhost:27017/guitar-shop","level":"info","timestamp":"2020-11-25T14:24:49.784Z"}
{"message":"Connected to mongodb://localhost:27017/guitar-shop","level":"info","timestamp":"2020-11-25T14:24:51.663Z"}
{"message":"Connected to mongodb://localhost:27017/guitar-shop","level":"info","timestamp":"2020-11-25T14:25:36.889Z"}
{"message":"Connected to mongodb://localhost:27017/guitar-shop","level":"info","timestamp":"2020-11-25T14:25:49.552Z"}
{"message":"Connected to mongodb://localhost:27017/guitar-shop","level":"info","timestamp":"2020-11-25T14:25:55.340Z"}
{"message":"Connected to mongodb://localhost:27017/guitar-shop","level":"info","timestamp":"2020-11-25T14:31:58.698Z"}
{"message":"Connected to mongodb://localhost:27017/guitar-shop","level":"info","timestamp":"2020-11-25T14:32:03.329Z"}
{"message":"Connected to mongodb://localhost:27017/guitar-shop","level":"info","timestamp":"2020-11-25T14:32:40.129Z"}
{"message":"Connected to mongodb://localhost:27017/guitar-shop","level":"info","timestamp":"2020-11-25T14:32:41.957Z"}
{"message":"Connected to mongodb://localhost:27017/guitar-shop","level":"info","timestamp":"2020-11-25T14:32:45.680Z"}
{"message":"Connected to mongodb://localhost:27017/guitar-shop","level":"info","timestamp":"2020-11-25T14:32:49.158Z"}
{"message":"Connected to mongodb://localhost:27017/guitar-shop","level":"info","timestamp":"2020-11-25T14:33:59.688Z"}
{"message":"Connected to mongodb://localhost:27017/guitar-shop","level":"info","timestamp":"2020-11-25T14:34:03.576Z"}
{"message":"Connected to mongodb://localhost:27017/guitar-shop","level":"info","timestamp":"2020-11-25T14:34:10.480Z"}
{"message":"Connected to mongodb://localhost:27017/guitar-shop","level":"info","timestamp":"2020-11-25T14:34:13.707Z"}
{"message":"Connected to mongodb://localhost:27017/guitar-shop","level":"info","timestamp":"2020-11-25T14:34:19.087Z"}
{"message":"Connected to mongodb://localhost:27017/guitar-shop","level":"info","timestamp":"2020-11-25T14:34:21.482Z"}
{"message":"Connected to mongodb://localhost:27017/guitar-shop","level":"info","timestamp":"2020-11-25T14:34:22.853Z"}
{"message":"Connected to mongodb://localhost:27017/guitar-shop","level":"info","timestamp":"2020-11-25T14:34:25.265Z"}
{"message":"Connected to mongodb://localhost:27017/guitar-shop","level":"info","timestamp":"2020-11-25T14:34:30.950Z"}
{"message":"Connected to mongodb://localhost:27017/guitar-shop","level":"info","timestamp":"2020-11-25T14:34:37.488Z"}
{"message":"Connected to mongodb://localhost:27017/guitar-shop","level":"info","timestamp":"2020-11-25T14:36:00.255Z"}
{"message":"Connected to mongodb://localhost:27017/guitar-shop","level":"info","timestamp":"2020-11-25T14:36:04.397Z"}
{"message":"Connected to mongodb://localhost:27017/guitar-shop","level":"info","timestamp":"2020-11-25T14:36:05.874Z"}
{"message":"Connected to mongodb://localhost:27017/guitar-shop","level":"info","timestamp":"2020-11-25T14:36:12.040Z"}
{"message":"Connected to mongodb://localhost:27017/guitar-shop","level":"info","timestamp":"2020-11-25T14:36:15.272Z"}
{"message":"Connected to mongodb://localhost:27017/guitar-shop","level":"info","timestamp":"2020-11-25T14:38:00.393Z"}
{"message":"Connected to mongodb://localhost:27017/guitar-shop","level":"info","timestamp":"2020-11-25T14:38:04.644Z"}
{"message":"Connected to mongodb://localhost:27017/guitar-shop","level":"info","timestamp":"2020-11-25T16:09:30.114Z"}
{"message":"Bad request, check req.body","level":"error","timestamp":"2020-11-25T16:09:38.011Z"}
{"message":"Connected to mongodb://localhost:27017/guitar-shop","level":"info","timestamp":"2020-11-25T16:10:20.861Z"}
{"message":"Bad request, check req.body","level":"error","timestamp":"2020-11-25T16:10:36.947Z"}
{"message":"Connected to mongodb://localhost:27017/guitar-shop","level":"info","timestamp":"2020-11-25T16:10:59.957Z"}
{"message":"Bad request, check req.body","level":"error","timestamp":"2020-11-25T16:11:01.116Z"}
{"message":"Connected to mongodb://localhost:27017/guitar-shop","level":"info","timestamp":"2020-11-25T16:11:31.294Z"}
{"message":"Connected to mongodb://localhost:27017/guitar-shop","level":"info","timestamp":"2020-11-25T16:11:35.183Z"}
{"message":"Connected to mongodb://localhost:27017/guitar-shop","level":"info","timestamp":"2020-11-25T16:11:38.832Z"}
{"message":"Connected to mongodb://localhost:27017/guitar-shop","level":"info","timestamp":"2020-11-25T16:12:42.348Z"}
{"message":"Connected to mongodb://localhost:27017/guitar-shop","level":"info","timestamp":"2020-11-25T16:12:51.123Z"}
{"message":"Connected to mongodb://localhost:27017/guitar-shop","level":"info","timestamp":"2020-11-25T16:12:55.776Z"}
{"message":"Connected to mongodb://localhost:27017/guitar-shop","level":"info","timestamp":"2020-11-25T16:12:57.360Z"}
{"message":"Connected to mongodb://localhost:27017/guitar-shop","level":"info","timestamp":"2020-11-25T16:12:59.423Z"}
{"message":"Connected to mongodb://localhost:27017/guitar-shop","level":"info","timestamp":"2020-11-25T16:13:59.812Z"}
{"message":"Connected to mongodb://localhost:27017/guitar-shop","level":"info","timestamp":"2020-11-25T16:14:03.775Z"}
{"message":"Connected to mongodb://localhost:27017/guitar-shop","level":"info","timestamp":"2020-11-25T16:14:07.689Z"}
{"message":"Connected to mongodb://localhost:27017/guitar-shop","level":"info","timestamp":"2020-11-25T16:14:31.260Z"}
{"message":"Connected to mongodb://localhost:27017/guitar-shop","level":"info","timestamp":"2020-11-25T16:14:35.518Z"}
{"message":"Connected to mongodb://localhost:27017/guitar-shop","level":"info","timestamp":"2020-11-25T16:14:45.462Z"}
{"message":"Connected to mongodb://localhost:27017/guitar-shop","level":"info","timestamp":"2020-11-25T16:14:49.805Z"}
{"message":"Connected to mongodb://localhost:27017/guitar-shop","level":"info","timestamp":"2020-11-25T16:14:52.326Z"}
{"message":"Connected to mongodb://localhost:27017/guitar-shop","level":"info","timestamp":"2020-11-25T16:14:55.340Z"}
{"message":"Connected to mongodb://localhost:27017/guitar-shop","level":"info","timestamp":"2020-11-25T16:14:58.750Z"}
{"message":"Connected to mongodb://localhost:27017/guitar-shop","level":"info","timestamp":"2020-11-25T16:15:01.339Z"}
{"message":"Connected to mongodb://localhost:27017/guitar-shop","level":"info","timestamp":"2020-11-25T16:15:19.810Z"}
{"message":"Connected to mongodb://localhost:27017/guitar-shop","level":"info","timestamp":"2020-11-25T16:15:21.758Z"}
{"message":"Connected to mongodb://localhost:27017/guitar-shop","level":"info","timestamp":"2020-11-25T16:15:26.703Z"}
{"message":"Connected to mongodb://localhost:27017/guitar-shop","level":"info","timestamp":"2020-11-25T16:15:29.717Z"}
{"message":"Connected to mongodb://localhost:27017/guitar-shop","level":"info","timestamp":"2020-11-25T16:15:32.494Z"}
{"message":"Connected to mongodb://localhost:27017/guitar-shop","level":"info","timestamp":"2020-11-25T16:15:36.058Z"}
{"message":"Connected to mongodb://localhost:27017/guitar-shop","level":"info","timestamp":"2020-11-25T16:15:38.519Z"}
{"message":"Connected to mongodb://localhost:27017/guitar-shop","level":"info","timestamp":"2020-11-25T16:15:42.470Z"}
{"message":"Connected to mongodb://localhost:27017/guitar-shop","level":"info","timestamp":"2020-11-25T16:15:45.463Z"}
{"message":"Connected to mongodb://localhost:27017/guitar-shop","level":"info","timestamp":"2020-11-25T16:15:57.675Z"}
{"message":"Connected to mongodb://localhost:27017/guitar-shop","level":"info","timestamp":"2020-11-25T16:22:20.960Z"}
{"message":"Connected to mongodb://localhost:27017/guitar-shop","level":"info","timestamp":"2020-11-26T13:03:55.282Z"}
{"message":"Connected to mongodb://localhost:27017/guitar-shop","level":"info","timestamp":"2020-11-26T13:18:27.709Z"}
{"message":"Connected to mongodb://localhost:27017/guitar-shop","level":"info","timestamp":"2020-11-26T13:18:29.936Z"}
{"message":"Connected to mongodb://localhost:27017/guitar-shop","level":"info","timestamp":"2020-11-26T13:18:37.055Z"}
{"message":"Connected to mongodb://localhost:27017/guitar-shop","level":"info","timestamp":"2020-11-26T13:18:40.146Z"}
{"message":"Connected to mongodb://localhost:27017/guitar-shop","level":"info","timestamp":"2020-11-26T13:18:41.613Z"}
{"message":"Connected to mongodb://localhost:27017/guitar-shop","level":"info","timestamp":"2020-11-26T13:19:06.695Z"}
{"message":"Connected to mongodb://localhost:27017/guitar-shop","level":"info","timestamp":"2020-11-26T13:19:09.666Z"}
{"message":"Connected to mongodb://localhost:27017/guitar-shop","level":"info","timestamp":"2020-11-26T13:19:19.134Z"}
{"message":"Connected to mongodb://localhost:27017/guitar-shop","level":"info","timestamp":"2020-11-26T13:19:27.443Z"}
{"message":"Connected to mongodb://localhost:27017/guitar-shop","level":"info","timestamp":"2020-11-26T13:20:04.633Z"}
{"message":"Connected to mongodb://localhost:27017/guitar-shop","level":"info","timestamp":"2020-11-26T13:20:06.415Z"}
{"message":"Connected to mongodb://localhost:27017/guitar-shop","level":"info","timestamp":"2020-11-26T13:20:11.490Z"}
{"message":"Connected to mongodb://localhost:27017/guitar-shop","level":"info","timestamp":"2020-11-26T13:20:14.235Z"}
{"message":"Connected to mongodb://localhost:27017/guitar-shop","level":"info","timestamp":"2020-11-26T13:20:17.924Z"}
{"message":"Connected to mongodb://localhost:27017/guitar-shop","level":"info","timestamp":"2020-11-26T13:20:22.546Z"}
{"message":"Connected to mongodb://localhost:27017/guitar-shop","level":"info","timestamp":"2020-11-26T13:20:29.643Z"}
{"message":"Connected to mongodb://localhost:27017/guitar-shop","level":"info","timestamp":"2020-11-26T13:20:35.819Z"}
{"message":"Connected to mongodb://localhost:27017/guitar-shop","level":"info","timestamp":"2020-11-26T13:20:37.894Z"}
{"message":"Connected to mongodb://localhost:27017/guitar-shop","level":"info","timestamp":"2020-11-26T13:24:32.867Z"}
{"message":"Connected to mongodb://localhost:27017/guitar-shop","level":"info","timestamp":"2020-11-26T13:24:35.571Z"}
{"message":"Connected to mongodb://localhost:27017/guitar-shop","level":"info","timestamp":"2020-11-26T13:24:59.683Z"}
{"message":"Connected to mongodb://localhost:27017/guitar-shop","level":"info","timestamp":"2020-11-26T13:25:22.310Z"}
{"message":"Connected to mongodb://localhost:27017/guitar-shop","level":"info","timestamp":"2020-11-26T13:25:24.544Z"}
{"message":"Connected to mongodb://localhost:27017/guitar-shop","level":"info","timestamp":"2020-11-26T13:26:10.580Z"}
{"message":"Connected to mongodb://localhost:27017/guitar-shop","level":"info","timestamp":"2020-11-26T13:26:13.033Z"}
{"message":"Connected to mongodb://localhost:27017/guitar-shop","level":"info","timestamp":"2020-11-26T13:26:14.953Z"}
{"message":"Connected to mongodb://localhost:27017/guitar-shop","level":"info","timestamp":"2020-11-26T13:26:17.654Z"}
{"message":"Connected to mongodb://localhost:27017/guitar-shop","level":"info","timestamp":"2020-11-26T13:26:19.764Z"}
{"message":"Connected to mongodb://localhost:27017/guitar-shop","level":"info","timestamp":"2020-11-26T13:26:23.094Z"}
{"message":"Connected to mongodb://localhost:27017/guitar-shop","level":"info","timestamp":"2020-11-26T13:26:58.391Z"}
{"message":"Connected to mongodb://localhost:27017/guitar-shop","level":"info","timestamp":"2020-11-26T13:27:05.032Z"}
{"message":"Connected to mongodb://localhost:27017/guitar-shop","level":"info","timestamp":"2020-11-26T13:27:08.741Z"}
{"message":"Connected to mongodb://localhost:27017/guitar-shop","level":"info","timestamp":"2020-11-26T13:27:22.916Z"}
{"message":"Connected to mongodb://localhost:27017/guitar-shop","level":"info","timestamp":"2020-11-26T13:27:25.098Z"}
{"message":"Connected to mongodb://localhost:27017/guitar-shop","level":"info","timestamp":"2020-11-26T13:28:18.222Z"}
{"message":"Connected to mongodb://localhost:27017/guitar-shop","level":"info","timestamp":"2020-11-26T13:30:00.788Z"}
{"message":"Connected to mongodb://localhost:27017/guitar-shop","level":"info","timestamp":"2020-11-26T13:30:06.627Z"}
{"message":"Connected to mongodb://localhost:27017/guitar-shop","level":"info","timestamp":"2020-11-26T13:30:13.876Z"}
{"message":"Connected to mongodb://localhost:27017/guitar-shop","level":"info","timestamp":"2020-11-26T13:30:17.297Z"}
{"message":"Connected to mongodb://localhost:27017/guitar-shop","level":"info","timestamp":"2020-11-26T13:32:06.006Z"}
{"message":"Connected to mongodb://localhost:27017/guitar-shop","level":"info","timestamp":"2020-11-26T13:32:23.940Z"}
{"message":"Connected to mongodb://localhost:27017/guitar-shop","level":"info","timestamp":"2020-11-26T13:32:27.011Z"}
{"message":"Connected to mongodb://localhost:27017/guitar-shop","level":"info","timestamp":"2020-11-26T13:32:33.494Z"}
{"message":"Connected to mongodb://localhost:27017/guitar-shop","level":"info","timestamp":"2020-11-26T13:32:35.490Z"}
{"message":"Connected to mongodb://localhost:27017/guitar-shop","level":"info","timestamp":"2020-11-26T13:32:41.791Z"}
{"message":"Connected to mongodb://localhost:27017/guitar-shop","level":"info","timestamp":"2020-11-26T13:32:47.331Z"}
{"message":"Connected to mongodb://localhost:27017/guitar-shop","level":"info","timestamp":"2020-11-26T13:32:49.255Z"}
{"message":"Connected to mongodb://localhost:27017/guitar-shop","level":"info","timestamp":"2020-11-26T13:32:51.847Z"}
{"message":"Connected to mongodb://localhost:27017/guitar-shop","level":"info","timestamp":"2020-11-26T13:38:46.127Z"}
{"message":"Connected to mongodb://localhost:27017/guitar-shop","level":"info","timestamp":"2020-11-26T23:20:34.967Z"}
{"message":"Connected to mongodb://localhost:27017/guitar-shop","level":"info","timestamp":"2020-11-27T00:13:06.134Z"}
{"message":"Connected to mongodb://localhost:27017/guitar-shop","level":"info","timestamp":"2020-11-27T02:05:24.990Z"}
{"message":"Connected to mongodb://localhost:27017/guitar-shop","level":"info","timestamp":"2020-11-27T02:06:25.388Z"}
{"message":"Connected to mongodb://localhost:27017/guitar-shop","level":"info","timestamp":"2020-11-27T02:06:27.342Z"}
{"message":"Connected to mongodb://localhost:27017/guitar-shop","level":"info","timestamp":"2020-11-27T02:06:29.822Z"}
{"message":"Connected to mongodb://localhost:27017/guitar-shop","level":"info","timestamp":"2020-11-27T02:06:45.160Z"}
{"message":"Connected to mongodb://localhost:27017/guitar-shop","level":"info","timestamp":"2020-11-27T02:06:46.889Z"}
{"message":"Connected to mongodb://localhost:27017/guitar-shop","level":"info","timestamp":"2020-11-27T02:06:53.057Z"}
{"message":"Connected to mongodb://localhost:27017/guitar-shop","level":"info","timestamp":"2020-11-27T02:07:04.386Z"}
{"message":"Connected to mongodb://localhost:27017/guitar-shop","level":"info","timestamp":"2020-11-27T02:07:18.032Z"}
{"message":"Connected to mongodb://localhost:27017/guitar-shop","level":"info","timestamp":"2020-11-27T02:11:37.380Z"}
{"message":"Bad request, check req.body","level":"error","timestamp":"2020-11-27T05:17:47.609Z"}
{"message":"Connected to mongodb://localhost:27017/guitar-shop","level":"info","timestamp":"2020-11-27T05:19:42.852Z"}
{"message":"Connected to mongodb://localhost:27017/guitar-shop","level":"info","timestamp":"2020-11-27T05:20:03.402Z"}
{"message":"Connected to mongodb://localhost:27017/guitar-shop","level":"info","timestamp":"2020-11-27T05:20:13.743Z"}
{"message":"Connected to mongodb://localhost:27017/guitar-shop","level":"info","timestamp":"2020-11-27T05:20:16.398Z"}
{"message":"Connected to mongodb://localhost:27017/guitar-shop","level":"info","timestamp":"2020-11-27T05:21:29.647Z"}
{"message":"Connected to mongodb://localhost:27017/guitar-shop","level":"info","timestamp":"2020-11-27T05:29:59.803Z"}
{"message":"Connected to mongodb://localhost:27017/guitar-shop","level":"info","timestamp":"2020-11-27T05:30:11.742Z"}
{"message":"Connected to mongodb://localhost:27017/guitar-shop","level":"info","timestamp":"2020-11-27T05:30:16.337Z"}
{"message":"Connected to mongodb://localhost:27017/guitar-shop","level":"info","timestamp":"2020-11-27T05:30:24.085Z"}
{"message":"Connected to mongodb://localhost:27017/guitar-shop","level":"info","timestamp":"2020-11-27T05:32:01.244Z"}
{"message":"Connected to mongodb://localhost:27017/guitar-shop","level":"info","timestamp":"2020-11-27T05:32:09.593Z"}
{"message":"Connected to mongodb://localhost:27017/guitar-shop","level":"info","timestamp":"2020-11-27T05:32:11.804Z"}
{"message":"Connected to mongodb://localhost:27017/guitar-shop","level":"info","timestamp":"2020-11-27T05:32:13.829Z"}
{"message":"Connected to mongodb://localhost:27017/guitar-shop","level":"info","timestamp":"2020-11-27T05:32:22.561Z"}
{"message":"Connected to mongodb://localhost:27017/guitar-shop","level":"info","timestamp":"2020-11-27T05:32:37.070Z"}
{"message":"Connected to mongodb://localhost:27017/guitar-shop","level":"info","timestamp":"2020-11-27T05:32:40.530Z"}
{"message":"Connected to mongodb://localhost:27017/guitar-shop","level":"info","timestamp":"2020-11-27T05:32:43.019Z"}
{"message":"Connected to mongodb://localhost:27017/guitar-shop","level":"info","timestamp":"2020-11-27T05:32:44.579Z"}
{"message":"Connected to mongodb://localhost:27017/guitar-shop","level":"info","timestamp":"2020-11-27T05:32:47.178Z"}
{"message":"Connected to mongodb://localhost:27017/guitar-shop","level":"info","timestamp":"2020-11-27T05:32:48.607Z"}
{"message":"Connected to mongodb://localhost:27017/guitar-shop","level":"info","timestamp":"2020-11-27T05:32:55.705Z"}
{"message":"Connected to mongodb://localhost:27017/guitar-shop","level":"info","timestamp":"2020-11-27T05:33:18.693Z"}
{"message":"Connected to mongodb://localhost:27017/guitar-shop","level":"info","timestamp":"2020-11-27T05:33:25.358Z"}
{"message":"Connected to mongodb://localhost:27017/guitar-shop","level":"info","timestamp":"2020-11-27T05:35:16.518Z"}
{"message":"Connected to mongodb://localhost:27017/guitar-shop","level":"info","timestamp":"2020-11-27T05:36:11.729Z"}
{"message":"Connected to mongodb://localhost:27017/guitar-shop","level":"info","timestamp":"2020-11-27T05:41:12.839Z"}
{"message":"Connected to mongodb://localhost:27017/guitar-shop","level":"info","timestamp":"2020-11-27T05:41:18.264Z"}
{"message":"Connected to mongodb://localhost:27017/guitar-shop","level":"info","timestamp":"2020-11-27T05:41:35.442Z"}
{"message":"Connected to mongodb://localhost:27017/guitar-shop","level":"info","timestamp":"2020-11-27T05:41:40.525Z"}
{"message":"Connected to mongodb://localhost:27017/guitar-shop","level":"info","timestamp":"2020-11-27T05:42:50.277Z"}
{"message":"Connected to mongodb://localhost:27017/guitar-shop","level":"info","timestamp":"2020-11-27T07:34:22.533Z"}
{"message":"Connected to mongodb://localhost:27017/guitar-shop","level":"info","timestamp":"2020-11-28T11:28:12.549Z"}
{"message":"Connected to mongodb://localhost:27017/guitar-shop","level":"info","timestamp":"2020-11-28T11:31:56.458Z"}
{"message":"Connected to mongodb://localhost:27017/guitar-shop","level":"info","timestamp":"2020-11-28T11:47:39.139Z"}
{"message":"Connected to mongodb://localhost:27017/guitar-shop","level":"info","timestamp":"2020-11-28T11:50:16.454Z"}
{"message":"Connected to mongodb://localhost:27017/guitar-shop","level":"info","timestamp":"2020-11-28T11:51:57.031Z"}
{"message":"Connected to mongodb://localhost:27017/guitar-shop","level":"info","timestamp":"2020-11-28T11:54:53.714Z"}
{"message":"Connected to mongodb://localhost:27017/guitar-shop","level":"info","timestamp":"2020-11-28T11:55:18.131Z"}
{"message":"Connected to mongodb://localhost:27017/guitar-shop","level":"info","timestamp":"2020-11-28T11:57:01.427Z"}
{"message":"Connected to mongodb://localhost:27017/guitar-shop","level":"info","timestamp":"2020-11-28T11:57:06.905Z"}
{"message":"Connected to mongodb://localhost:27017/guitar-shop","level":"info","timestamp":"2020-11-28T11:58:26.311Z"}
{"message":"Connected to mongodb://localhost:27017/guitar-shop","level":"info","timestamp":"2020-11-28T14:58:31.991Z"}
{"message":"Connected to mongodb://localhost:27017/guitar-shop","level":"info","timestamp":"2020-11-28T14:58:42.351Z"}
{"message":"Connected to mongodb://localhost:27017/guitar-shop","level":"info","timestamp":"2020-11-28T14:58:55.035Z"}
{"message":"Connected to mongodb://localhost:27017/guitar-shop","level":"info","timestamp":"2020-11-28T14:58:56.624Z"}
{"message":"Connected to mongodb://localhost:27017/guitar-shop","level":"info","timestamp":"2020-11-28T14:59:17.147Z"}
{"message":"Connected to mongodb://localhost:27017/guitar-shop","level":"info","timestamp":"2020-11-28T14:59:19.420Z"}
{"message":"Connected to mongodb://localhost:27017/guitar-shop","level":"info","timestamp":"2020-11-28T14:59:26.867Z"}
{"message":"Connected to mongodb://localhost:27017/guitar-shop","level":"info","timestamp":"2020-11-28T14:59:29.094Z"}
{"message":"Connected to mongodb://localhost:27017/guitar-shop","level":"info","timestamp":"2020-11-28T15:09:28.723Z"}
{"message":"Connected to mongodb://localhost:27017/guitar-shop","level":"info","timestamp":"2020-11-28T15:09:30.474Z"}
{"message":"Connected to mongodb://localhost:27017/guitar-shop","level":"info","timestamp":"2020-11-28T15:09:37.558Z"}
{"message":"Connected to mongodb://localhost:27017/guitar-shop","level":"info","timestamp":"2020-11-28T15:11:41.811Z"}
{"message":"Connected to mongodb://localhost:27017/guitar-shop","level":"info","timestamp":"2020-11-28T15:14:49.550Z"}
{"message":"Connected to mongodb://localhost:27017/guitar-shop","level":"info","timestamp":"2020-11-28T15:15:02.791Z"}
{"message":"Connected to mongodb://localhost:27017/guitar-shop","level":"info","timestamp":"2020-11-28T15:15:06.909Z"}
{"message":"Connected to mongodb://localhost:27017/guitar-shop","level":"info","timestamp":"2020-11-28T15:15:09.074Z"}
{"message":"Connected to mongodb://localhost:27017/guitar-shop","level":"info","timestamp":"2020-11-28T15:15:10.865Z"}
{"message":"Connected to mongodb://localhost:27017/guitar-shop","level":"info","timestamp":"2020-11-28T15:15:24.162Z"}
{"message":"Connected to mongodb://localhost:27017/guitar-shop","level":"info","timestamp":"2020-11-28T15:26:09.296Z"}
{"message":"Connected to mongodb://localhost:27017/guitar-shop","level":"info","timestamp":"2020-11-28T15:26:26.119Z"}
{"message":"Connected to mongodb://localhost:27017/guitar-shop","level":"info","timestamp":"2020-11-28T15:26:29.365Z"}
{"message":"Connected to mongodb://localhost:27017/guitar-shop","level":"info","timestamp":"2020-11-28T15:26:34.085Z"}
{"message":"Connected to mongodb://localhost:27017/guitar-shop","level":"info","timestamp":"2020-11-28T15:26:43.660Z"}
{"message":"Connected to mongodb://localhost:27017/guitar-shop","level":"info","timestamp":"2020-11-28T15:27:25.469Z"}
{"message":"Connected to mongodb://localhost:27017/guitar-shop","level":"info","timestamp":"2020-11-28T15:27:28.594Z"}
{"message":"Connected to mongodb://localhost:27017/guitar-shop","level":"info","timestamp":"2020-11-28T15:27:31.646Z"}
{"message":"Connected to mongodb://localhost:27017/guitar-shop","level":"info","timestamp":"2020-11-28T15:27:35.462Z"}
{"message":"Connected to mongodb://localhost:27017/guitar-shop","level":"info","timestamp":"2020-11-28T15:27:49.742Z"}
{"message":"Connected to mongodb://localhost:27017/guitar-shop","level":"info","timestamp":"2020-11-28T15:27:59.130Z"}
{"message":"Connected to mongodb://localhost:27017/guitar-shop","level":"info","timestamp":"2020-11-28T15:28:02.699Z"}
{"message":"Connected to mongodb://localhost:27017/guitar-shop","level":"info","timestamp":"2020-11-28T15:28:42.299Z"}
{"message":"Connected to mongodb://localhost:27017/guitar-shop","level":"info","timestamp":"2020-11-28T15:28:45.082Z"}
{"message":"Connected to mongodb://localhost:27017/guitar-shop","level":"info","timestamp":"2020-11-28T15:28:50.446Z"}
{"message":"Connected to mongodb://localhost:27017/guitar-shop","level":"info","timestamp":"2020-11-28T15:30:41.952Z"}
{"message":"Connected to mongodb://localhost:27017/guitar-shop","level":"info","timestamp":"2020-11-28T15:30:48.938Z"}
{"message":"Connected to mongodb://localhost:27017/guitar-shop","level":"info","timestamp":"2020-11-28T15:30:51.608Z"}
{"message":"Connected to mongodb://localhost:27017/guitar-shop","level":"info","timestamp":"2020-11-28T15:31:01.214Z"}
{"message":"Connected to mongodb://localhost:27017/guitar-shop","level":"info","timestamp":"2020-11-28T15:31:31.734Z"}
{"message":"Connected to mongodb://localhost:27017/guitar-shop","level":"info","timestamp":"2020-11-28T15:36:31.963Z"}
{"message":"Connected to mongodb://localhost:27017/guitar-shop","level":"info","timestamp":"2020-11-29T09:02:20.049Z"}
{"message":"Connected to mongodb://localhost:27017/guitar-shop","level":"info","timestamp":"2020-11-29T09:04:55.125Z"}
{"message":"Connected to mongodb://localhost:27017/guitar-shop","level":"info","timestamp":"2020-11-29T09:05:11.232Z"}
{"message":"Connected to mongodb://localhost:27017/guitar-shop","level":"info","timestamp":"2020-11-29T09:06:25.640Z"}
{"message":"Connected to mongodb://localhost:27017/guitar-shop","level":"info","timestamp":"2020-11-29T09:06:28.395Z"}
{"message":"Connected to mongodb://localhost:27017/guitar-shop","level":"info","timestamp":"2020-11-29T09:06:32.480Z"}
{"message":"Connected to mongodb://localhost:27017/guitar-shop","level":"info","timestamp":"2020-11-29T09:06:49.123Z"}
{"message":"Connected to mongodb://localhost:27017/guitar-shop","level":"info","timestamp":"2020-11-29T09:07:45.992Z"}
{"message":"Connected to mongodb://localhost:27017/guitar-shop","level":"info","timestamp":"2020-11-29T09:07:50.309Z"}
{"message":"Connected to mongodb://localhost:27017/guitar-shop","level":"info","timestamp":"2020-11-29T09:08:03.617Z"}
{"message":"Connected to mongodb://localhost:27017/guitar-shop","level":"info","timestamp":"2020-11-29T09:08:12.304Z"}
{"message":"Connected to mongodb://localhost:27017/guitar-shop","level":"info","timestamp":"2020-11-29T09:08:56.576Z"}
{"message":"Connected to mongodb://localhost:27017/guitar-shop","level":"info","timestamp":"2020-11-29T09:08:57.983Z"}
{"message":"Connected to mongodb://localhost:27017/guitar-shop","level":"info","timestamp":"2020-11-29T09:10:52.027Z"}
{"message":"Connected to mongodb://localhost:27017/guitar-shop","level":"info","timestamp":"2020-11-29T09:10:55.287Z"}
{"message":"Connected to mongodb://localhost:27017/guitar-shop","level":"info","timestamp":"2020-11-29T09:11:00.850Z"}
{"message":"Connected to mongodb://localhost:27017/guitar-shop","level":"info","timestamp":"2020-11-29T09:11:11.230Z"}
{"message":"Connected to mongodb://localhost:27017/guitar-shop","level":"info","timestamp":"2020-11-29T09:11:13.084Z"}
{"message":"Connected to mongodb://localhost:27017/guitar-shop","level":"info","timestamp":"2020-11-29T09:11:16.390Z"}
{"message":"Connected to mongodb://localhost:27017/guitar-shop","level":"info","timestamp":"2020-11-29T09:11:25.315Z"}
{"message":"Connected to mongodb://localhost:27017/guitar-shop","level":"info","timestamp":"2020-11-29T09:11:46.719Z"}
{"message":"Connected to mongodb://localhost:27017/guitar-shop","level":"info","timestamp":"2020-11-29T09:12:11.106Z"}
{"message":"Connected to mongodb://localhost:27017/guitar-shop","level":"info","timestamp":"2020-11-29T09:12:13.008Z"}
{"message":"Connected to mongodb://localhost:27017/guitar-shop","level":"info","timestamp":"2020-11-29T09:12:14.808Z"}
{"message":"Connected to mongodb://localhost:27017/guitar-shop","level":"info","timestamp":"2020-11-29T09:12:19.987Z"}
{"message":"Connected to mongodb://localhost:27017/guitar-shop","level":"info","timestamp":"2020-11-29T09:12:23.751Z"}
{"message":"Connected to mongodb://localhost:27017/guitar-shop","level":"info","timestamp":"2020-11-29T09:12:30.278Z"}
{"message":"Connected to mongodb://localhost:27017/guitar-shop","level":"info","timestamp":"2020-11-29T09:13:01.494Z"}
{"message":"Connected to mongodb://localhost:27017/guitar-shop","level":"info","timestamp":"2020-11-29T09:13:03.770Z"}
{"message":"Connected to mongodb://localhost:27017/guitar-shop","level":"info","timestamp":"2020-11-29T09:19:59.261Z"}
{"message":"Connected to mongodb://localhost:27017/guitar-shop","level":"info","timestamp":"2020-11-29T09:22:24.739Z"}
{"message":"Connected to mongodb://localhost:27017/guitar-shop","level":"info","timestamp":"2020-11-29T09:22:27.884Z"}
{"message":"Connected to mongodb://localhost:27017/guitar-shop","level":"info","timestamp":"2020-11-29T09:22:31.874Z"}
{"message":"Connected to mongodb://localhost:27017/guitar-shop","level":"info","timestamp":"2020-11-29T09:22:46.356Z"}
{"message":"Connected to mongodb://localhost:27017/guitar-shop","level":"info","timestamp":"2020-11-29T09:22:53.376Z"}
{"message":"Connected to mongodb://localhost:27017/guitar-shop","level":"info","timestamp":"2020-11-29T09:24:47.513Z"}
{"message":"Connected to mongodb://localhost:27017/guitar-shop","level":"info","timestamp":"2020-11-29T09:24:51.390Z"}
{"message":"Connected to mongodb://localhost:27017/guitar-shop","level":"info","timestamp":"2020-11-29T09:24:57.076Z"}
{"message":"Connected to mongodb://localhost:27017/guitar-shop","level":"info","timestamp":"2020-11-29T09:25:00.815Z"}
{"message":"Connected to mongodb://localhost:27017/guitar-shop","level":"info","timestamp":"2020-11-29T09:25:03.044Z"}
{"message":"Connected to mongodb://localhost:27017/guitar-shop","level":"info","timestamp":"2020-11-29T09:25:05.891Z"}
{"message":"Connected to mongodb://localhost:27017/guitar-shop","level":"info","timestamp":"2020-11-29T09:25:07.365Z"}
{"message":"Connected to mongodb://localhost:27017/guitar-shop","level":"info","timestamp":"2020-11-29T09:25:14.653Z"}
{"message":"Connected to mongodb://localhost:27017/guitar-shop","level":"info","timestamp":"2020-11-29T09:25:16.550Z"}
{"message":"Connected to mongodb://localhost:27017/guitar-shop","level":"info","timestamp":"2020-11-29T09:25:21.552Z"}
{"message":"Connected to mongodb://localhost:27017/guitar-shop","level":"info","timestamp":"2020-11-29T09:28:49.519Z"}
{"message":"Connected to mongodb://localhost:27017/guitar-shop","level":"info","timestamp":"2020-11-29T09:36:02.210Z"}
{"message":"Connected to mongodb://localhost:27017/guitar-shop","level":"info","timestamp":"2020-11-29T09:36:03.840Z"}
{"message":"Connected to mongodb://localhost:27017/guitar-shop","level":"info","timestamp":"2020-11-29T09:36:54.191Z"}
{"message":"Connected to mongodb://localhost:27017/guitar-shop","level":"info","timestamp":"2020-11-29T09:36:56.725Z"}
{"message":"Connected to mongodb://localhost:27017/guitar-shop","level":"info","timestamp":"2020-11-29T09:36:58.615Z"}
{"message":"Connected to mongodb://localhost:27017/guitar-shop","level":"info","timestamp":"2020-11-29T09:37:24.765Z"}
{"message":"Connected to mongodb://localhost:27017/guitar-shop","level":"info","timestamp":"2020-11-29T09:37:29.878Z"}
{"message":"Connected to mongodb://localhost:27017/guitar-shop","level":"info","timestamp":"2020-11-29T09:37:32.662Z"}
{"message":"Connected to mongodb://localhost:27017/guitar-shop","level":"info","timestamp":"2020-11-29T09:37:34.893Z"}
{"message":"Connected to mongodb://localhost:27017/guitar-shop","level":"info","timestamp":"2020-11-29T09:38:00.715Z"}
{"message":"Connected to mongodb://localhost:27017/guitar-shop","level":"info","timestamp":"2020-11-29T09:38:03.571Z"}
{"message":"Connected to mongodb://localhost:27017/guitar-shop","level":"info","timestamp":"2020-11-29T09:38:07.833Z"}
{"message":"Connected to mongodb://localhost:27017/guitar-shop","level":"info","timestamp":"2020-11-29T09:38:09.973Z"}
{"message":"Connected to mongodb://localhost:27017/guitar-shop","level":"info","timestamp":"2020-11-29T09:38:18.499Z"}
{"message":"Connected to mongodb://localhost:27017/guitar-shop","level":"info","timestamp":"2020-11-29T09:38:30.306Z"}
{"message":"Connected to mongodb://localhost:27017/guitar-shop","level":"info","timestamp":"2020-11-29T09:38:42.755Z"}
{"message":"Connected to mongodb://localhost:27017/guitar-shop","level":"info","timestamp":"2020-11-29T09:38:49.797Z"}
{"message":"Connected to mongodb://localhost:27017/guitar-shop","level":"info","timestamp":"2020-11-29T09:38:51.255Z"}
{"message":"Connected to mongodb://localhost:27017/guitar-shop","level":"info","timestamp":"2020-11-29T09:39:01.875Z"}
{"message":"Connected to mongodb://localhost:27017/guitar-shop","level":"info","timestamp":"2020-11-29T09:40:42.693Z"}
{"message":"Connected to mongodb://localhost:27017/guitar-shop","level":"info","timestamp":"2020-11-29T09:40:50.923Z"}
{"message":"Connected to mongodb://localhost:27017/guitar-shop","level":"info","timestamp":"2020-11-29T09:40:52.826Z"}
{"message":"Connected to mongodb://localhost:27017/guitar-shop","level":"info","timestamp":"2020-11-29T09:40:57.778Z"}
{"message":"Connected to mongodb://localhost:27017/guitar-shop","level":"info","timestamp":"2020-11-29T09:41:02.603Z"}
{"message":"Connected to mongodb://localhost:27017/guitar-shop","level":"info","timestamp":"2020-11-29T09:41:13.119Z"}
{"message":"Connected to mongodb://localhost:27017/guitar-shop","level":"info","timestamp":"2020-11-29T09:41:19.519Z"}
{"message":"Connected to mongodb://localhost:27017/guitar-shop","level":"info","timestamp":"2020-11-29T09:41:27.292Z"}
{"message":"Connected to mongodb://localhost:27017/guitar-shop","level":"info","timestamp":"2020-11-29T09:43:03.787Z"}
{"message":"Connected to mongodb://localhost:27017/guitar-shop","level":"info","timestamp":"2020-11-29T09:43:37.789Z"}
{"message":"Connected to mongodb://localhost:27017/guitar-shop","level":"info","timestamp":"2020-11-29T09:43:40.962Z"}
{"message":"Connected to mongodb://localhost:27017/guitar-shop","level":"info","timestamp":"2020-11-29T09:46:15.934Z"}
{"message":"Connected to mongodb://localhost:27017/guitar-shop","level":"info","timestamp":"2020-11-29T09:46:19.341Z"}
{"message":"Connected to mongodb://localhost:27017/guitar-shop","level":"info","timestamp":"2020-11-29T09:46:26.227Z"}
{"message":"Connected to mongodb://localhost:27017/guitar-shop","level":"info","timestamp":"2020-11-29T09:46:27.979Z"}
{"message":"Connected to mongodb://localhost:27017/guitar-shop","level":"info","timestamp":"2020-11-29T09:46:31.222Z"}
{"message":"Connected to mongodb://localhost:27017/guitar-shop","level":"info","timestamp":"2020-11-29T09:46:46.026Z"}
{"message":"Connected to mongodb://localhost:27017/guitar-shop","level":"info","timestamp":"2020-11-29T09:46:52.405Z"}
{"message":"Connected to mongodb://localhost:27017/guitar-shop","level":"info","timestamp":"2020-11-29T09:47:05.685Z"}
{"message":"Connected to mongodb://localhost:27017/guitar-shop","level":"info","timestamp":"2020-11-29T09:47:10.182Z"}
{"message":"Connected to mongodb://localhost:27017/guitar-shop","level":"info","timestamp":"2020-11-29T09:50:59.636Z"}
{"message":"Connected to mongodb://localhost:27017/guitar-shop","level":"info","timestamp":"2020-11-29T09:52:10.797Z"}
{"message":"Connected to mongodb://localhost:27017/guitar-shop","level":"info","timestamp":"2020-11-29T09:52:14.680Z"}
{"message":"Connected to mongodb://localhost:27017/guitar-shop","level":"info","timestamp":"2020-11-29T09:53:11.574Z"}
{"message":"Connected to mongodb://localhost:27017/guitar-shop","level":"info","timestamp":"2020-11-29T09:53:13.101Z"}
{"message":"Connected to mongodb://localhost:27017/guitar-shop","level":"info","timestamp":"2020-11-29T09:53:19.078Z"}
{"message":"Connected to mongodb://localhost:27017/guitar-shop","level":"info","timestamp":"2020-11-29T09:53:25.491Z"}
{"message":"Connected to mongodb://localhost:27017/guitar-shop","level":"info","timestamp":"2020-11-29T09:53:33.637Z"}
{"message":"Connected to mongodb://localhost:27017/guitar-shop","level":"info","timestamp":"2020-11-29T09:54:33.425Z"}
{"message":"Connected to mongodb://localhost:27017/guitar-shop","level":"info","timestamp":"2020-11-29T09:55:34.570Z"}
{"message":"Connected to mongodb://localhost:27017/guitar-shop","level":"info","timestamp":"2020-11-29T09:56:04.949Z"}
{"message":"Connected to mongodb://localhost:27017/guitar-shop","level":"info","timestamp":"2020-11-29T09:56:23.005Z"}
{"message":"Connected to mongodb://localhost:27017/guitar-shop","level":"info","timestamp":"2020-11-29T09:56:30.138Z"}
{"message":"Connected to mongodb://localhost:27017/guitar-shop","level":"info","timestamp":"2020-11-29T09:57:28.414Z"}
{"message":"Connected to mongodb://localhost:27017/guitar-shop","level":"info","timestamp":"2020-11-29T09:58:25.638Z"}
{"message":"Connected to mongodb://localhost:27017/guitar-shop","level":"info","timestamp":"2020-11-29T10:00:00.930Z"}
{"message":"Connected to mongodb://localhost:27017/guitar-shop","level":"info","timestamp":"2020-11-29T10:00:03.396Z"}
{"message":"Connected to mongodb://localhost:27017/guitar-shop","level":"info","timestamp":"2020-11-29T10:00:08.832Z"}
{"message":"Connected to mongodb://localhost:27017/guitar-shop","level":"info","timestamp":"2020-11-29T10:00:41.098Z"}
{"message":"Connected to mongodb://localhost:27017/guitar-shop","level":"info","timestamp":"2020-11-29T10:07:12.085Z"}
{"message":"Connected to mongodb://localhost:27017/guitar-shop","level":"info","timestamp":"2020-11-29T10:07:23.394Z"}
{"message":"Connected to mongodb://localhost:27017/guitar-shop","level":"info","timestamp":"2020-11-29T10:07:29.316Z"}
{"message":"Connected to mongodb://localhost:27017/guitar-shop","level":"info","timestamp":"2020-11-29T10:07:32.555Z"}
{"message":"Connected to mongodb://localhost:27017/guitar-shop","level":"info","timestamp":"2020-11-29T10:07:35.487Z"}
{"message":"Connected to mongodb://localhost:27017/guitar-shop","level":"info","timestamp":"2020-11-29T10:07:38.175Z"}
{"message":"Connected to mongodb://localhost:27017/guitar-shop","level":"info","timestamp":"2020-11-29T10:07:45.713Z"}
{"message":"Connected to mongodb://localhost:27017/guitar-shop","level":"info","timestamp":"2020-11-29T10:08:01.751Z"}
{"message":"Connected to mongodb://localhost:27017/guitar-shop","level":"info","timestamp":"2020-11-29T10:08:20.784Z"}
{"message":"Connected to mongodb://localhost:27017/guitar-shop","level":"info","timestamp":"2020-11-29T10:08:25.201Z"}
{"message":"Connected to mongodb://localhost:27017/guitar-shop","level":"info","timestamp":"2020-11-29T10:08:29.402Z"}
{"message":"Connected to mongodb://localhost:27017/guitar-shop","level":"info","timestamp":"2020-11-29T10:08:31.230Z"}
{"message":"Connected to mongodb://localhost:27017/guitar-shop","level":"info","timestamp":"2020-11-29T10:08:57.404Z"}
{"message":"Connected to mongodb://localhost:27017/guitar-shop","level":"info","timestamp":"2020-11-29T10:09:12.923Z"}
{"message":"Connected to mongodb://localhost:27017/guitar-shop","level":"info","timestamp":"2020-11-29T10:10:04.097Z"}
{"message":"Connected to mongodb://localhost:27017/guitar-shop","level":"info","timestamp":"2020-11-29T10:10:38.852Z"}
{"message":"Connected to mongodb://localhost:27017/guitar-shop","level":"info","timestamp":"2020-11-29T10:11:28.191Z"}
{"message":"Connected to mongodb://localhost:27017/guitar-shop","level":"info","timestamp":"2020-11-29T10:12:11.285Z"}
{"message":"Connected to mongodb://localhost:27017/guitar-shop","level":"info","timestamp":"2020-11-29T10:12:56.662Z"}
{"message":"Connected to mongodb://localhost:27017/guitar-shop","level":"info","timestamp":"2020-11-29T10:13:22.931Z"}
{"message":"Connected to mongodb://localhost:27017/guitar-shop","level":"info","timestamp":"2020-11-29T10:13:32.462Z"}
{"message":"Connected to mongodb://localhost:27017/guitar-shop","level":"info","timestamp":"2020-11-29T10:13:34.653Z"}
{"message":"Connected to mongodb://localhost:27017/guitar-shop","level":"info","timestamp":"2020-11-29T10:14:06.551Z"}
{"message":"Connected to mongodb://localhost:27017/guitar-shop","level":"info","timestamp":"2020-11-29T10:15:04.127Z"}
{"message":"Connected to mongodb://localhost:27017/guitar-shop","level":"info","timestamp":"2020-11-29T10:16:04.508Z"}
{"message":"Connected to mongodb://localhost:27017/guitar-shop","level":"info","timestamp":"2020-11-29T10:17:08.454Z"}
{"message":"Connected to mongodb://localhost:27017/guitar-shop","level":"info","timestamp":"2020-11-29T10:17:37.319Z"}
{"message":"Connected to mongodb://localhost:27017/guitar-shop","level":"info","timestamp":"2020-11-29T10:18:12.542Z"}
{"message":"Connected to mongodb://localhost:27017/guitar-shop","level":"info","timestamp":"2020-11-29T10:18:20.557Z"}
{"message":"Connected to mongodb://localhost:27017/guitar-shop","level":"info","timestamp":"2020-11-29T10:18:23.687Z"}
{"message":"Connected to mongodb://localhost:27017/guitar-shop","level":"info","timestamp":"2020-11-29T11:15:19.111Z"}
{"message":"Connected to mongodb://localhost:27017/guitar-shop","level":"info","timestamp":"2020-11-29T11:15:38.942Z"}
{"message":"Connected to mongodb://localhost:27017/guitar-shop","level":"info","timestamp":"2020-11-29T11:15:50.412Z"}
{"message":"Connected to mongodb://localhost:27017/guitar-shop","level":"info","timestamp":"2020-11-29T11:18:48.958Z"}
{"message":"Connected to mongodb://localhost:27017/guitar-shop","level":"info","timestamp":"2020-11-29T11:18:53.665Z"}
{"message":"Connected to mongodb://localhost:27017/guitar-shop","level":"info","timestamp":"2020-11-29T11:18:56.997Z"}
{"message":"Connected to mongodb://localhost:27017/guitar-shop","level":"info","timestamp":"2020-11-29T11:19:01.193Z"}
{"message":"Connected to mongodb://localhost:27017/guitar-shop","level":"info","timestamp":"2020-11-29T11:19:31.037Z"}
{"message":"Connected to mongodb://localhost:27017/guitar-shop","level":"info","timestamp":"2020-11-29T11:21:16.885Z"}
{"message":"Connected to mongodb://localhost:27017/guitar-shop","level":"info","timestamp":"2020-11-29T11:21:27.237Z"}
{"message":"Connected to mongodb://localhost:27017/guitar-shop","level":"info","timestamp":"2020-11-29T11:22:22.939Z"}
{"message":"Connected to mongodb://localhost:27017/guitar-shop","level":"info","timestamp":"2020-11-29T11:22:24.571Z"}
{"message":"Connected to mongodb://localhost:27017/guitar-shop","level":"info","timestamp":"2020-11-29T11:22:34.079Z"}
{"message":"Connected to mongodb://localhost:27017/guitar-shop","level":"info","timestamp":"2020-11-29T11:23:15.056Z"}
{"message":"Connected to mongodb://localhost:27017/guitar-shop","level":"info","timestamp":"2020-11-29T11:23:18.516Z"}
{"message":"Connected to mongodb://localhost:27017/guitar-shop","level":"info","timestamp":"2020-11-29T11:23:25.066Z"}
{"message":"Connected to mongodb://localhost:27017/guitar-shop","level":"info","timestamp":"2020-11-29T11:23:27.912Z"}
{"message":"Connected to mongodb://localhost:27017/guitar-shop","level":"info","timestamp":"2020-11-29T11:23:35.698Z"}
{"message":"Connected to mongodb://localhost:27017/guitar-shop","level":"info","timestamp":"2020-11-29T11:23:38.190Z"}
{"message":"Connected to mongodb://localhost:27017/guitar-shop","level":"info","timestamp":"2020-11-29T11:23:45.371Z"}
{"message":"Connected to mongodb://localhost:27017/guitar-shop","level":"info","timestamp":"2020-11-29T11:23:48.032Z"}
{"message":"Connected to mongodb://localhost:27017/guitar-shop","level":"info","timestamp":"2020-11-29T11:23:50.449Z"}
{"message":"Connected to mongodb://localhost:27017/guitar-shop","level":"info","timestamp":"2020-11-29T11:23:53.229Z"}
{"message":"Connected to mongodb://localhost:27017/guitar-shop","level":"info","timestamp":"2020-11-29T11:23:55.025Z"}
{"message":"Connected to mongodb://localhost:27017/guitar-shop","level":"info","timestamp":"2020-11-29T11:23:59.920Z"}
{"message":"Connected to mongodb://localhost:27017/guitar-shop","level":"info","timestamp":"2020-11-29T11:24:03.426Z"}
{"message":"Connected to mongodb://localhost:27017/guitar-shop","level":"info","timestamp":"2020-11-29T11:24:05.023Z"}
{"message":"Connected to mongodb://localhost:27017/guitar-shop","level":"info","timestamp":"2020-11-29T11:24:13.763Z"}
{"message":"Connected to mongodb://localhost:27017/guitar-shop","level":"info","timestamp":"2020-11-29T11:24:25.181Z"}
{"message":"Connected to mongodb://localhost:27017/guitar-shop","level":"info","timestamp":"2020-11-29T11:24:29.110Z"}
{"message":"Connected to mongodb://localhost:27017/guitar-shop","level":"info","timestamp":"2020-11-29T11:24:31.355Z"}
{"message":"Connected to mongodb://localhost:27017/guitar-shop","level":"info","timestamp":"2020-11-29T11:24:35.464Z"}
{"message":"Connected to mongodb://localhost:27017/guitar-shop","level":"info","timestamp":"2020-11-29T11:26:08.704Z"}
{"message":"Connected to mongodb://localhost:27017/guitar-shop","level":"info","timestamp":"2020-11-29T11:26:12.514Z"}
{"message":"Connected to mongodb://localhost:27017/guitar-shop","level":"info","timestamp":"2020-11-29T11:26:14.574Z"}
{"message":"Connected to mongodb://localhost:27017/guitar-shop","level":"info","timestamp":"2020-11-29T11:26:52.037Z"}
{"message":"Connected to mongodb://localhost:27017/guitar-shop","level":"info","timestamp":"2020-11-29T11:26:55.571Z"}
{"message":"Connected to mongodb://localhost:27017/guitar-shop","level":"info","timestamp":"2020-11-29T11:26:57.288Z"}
{"message":"Connected to mongodb://localhost:27017/guitar-shop","level":"info","timestamp":"2020-11-29T11:26:58.510Z"}
{"message":"Connected to mongodb://localhost:27017/guitar-shop","level":"info","timestamp":"2020-11-29T11:27:02.061Z"}
{"message":"Connected to mongodb://localhost:27017/guitar-shop","level":"info","timestamp":"2020-11-29T11:28:18.490Z"}
{"message":"Connected to mongodb://localhost:27017/guitar-shop","level":"info","timestamp":"2020-11-29T11:28:28.894Z"}
{"message":"Connected to mongodb://localhost:27017/guitar-shop","level":"info","timestamp":"2020-11-29T11:29:20.599Z"}
{"message":"Connected to mongodb://localhost:27017/guitar-shop","level":"info","timestamp":"2020-11-29T11:30:07.447Z"}
{"message":"Connected to mongodb://localhost:27017/guitar-shop","level":"info","timestamp":"2020-11-29T11:31:14.837Z"}
{"message":"Connected to mongodb://localhost:27017/guitar-shop","level":"info","timestamp":"2020-11-29T11:31:21.115Z"}
{"message":"Connected to mongodb://localhost:27017/guitar-shop","level":"info","timestamp":"2020-11-29T11:31:24.241Z"}
{"message":"Connected to mongodb://localhost:27017/guitar-shop","level":"info","timestamp":"2020-11-29T11:31:28.248Z"}
{"message":"Connected to mongodb://localhost:27017/guitar-shop","level":"info","timestamp":"2020-11-29T11:31:31.618Z"}
{"message":"Connected to mongodb://localhost:27017/guitar-shop","level":"info","timestamp":"2020-11-29T11:31:34.292Z"}
{"message":"Connected to mongodb://localhost:27017/guitar-shop","level":"info","timestamp":"2020-11-29T11:33:49.049Z"}
{"message":"Connected to mongodb://localhost:27017/guitar-shop","level":"info","timestamp":"2020-11-29T11:34:02.348Z"}
{"message":"Connected to mongodb://localhost:27017/guitar-shop","level":"info","timestamp":"2020-11-29T11:34:08.408Z"}
{"message":"Connected to mongodb://localhost:27017/guitar-shop","level":"info","timestamp":"2020-11-29T11:34:10.276Z"}
{"message":"Connected to mongodb://localhost:27017/guitar-shop","level":"info","timestamp":"2020-11-29T11:35:34.856Z"}
{"message":"Connected to mongodb://localhost:27017/guitar-shop","level":"info","timestamp":"2020-11-29T11:35:38.696Z"}
{"message":"Connected to mongodb://localhost:27017/guitar-shop","level":"info","timestamp":"2020-11-29T11:35:52.922Z"}
{"message":"Connected to mongodb://localhost:27017/guitar-shop","level":"info","timestamp":"2020-11-29T11:35:54.719Z"}
{"message":"Connected to mongodb://localhost:27017/guitar-shop","level":"info","timestamp":"2020-11-29T11:36:00.212Z"}
{"message":"Connected to mongodb://localhost:27017/guitar-shop","level":"info","timestamp":"2020-11-29T11:37:22.424Z"}
{"message":"Connected to mongodb://localhost:27017/guitar-shop","level":"info","timestamp":"2020-11-29T11:37:23.733Z"}
{"message":"Connected to mongodb://localhost:27017/guitar-shop","level":"info","timestamp":"2020-11-29T11:38:44.544Z"}
{"message":"Connected to mongodb://localhost:27017/guitar-shop","level":"info","timestamp":"2020-11-29T11:40:51.069Z"}
{"message":"Connected to mongodb://localhost:27017/guitar-shop","level":"info","timestamp":"2020-11-29T11:41:00.420Z"}
